SF:lib/data/repositories/game_repository.dart
DA:9,1
DA:13,0
DA:28,3
DA:30,2
DA:32,1
DA:37,1
DA:38,2
DA:40,2
DA:46,1
DA:49,1
DA:50,2
DA:52,3
DA:53,1
DA:56,1
DA:57,2
DA:59,3
DA:60,1
DA:61,1
DA:64,1
DA:65,2
DA:67,3
DA:68,1
DA:69,1
DA:72,1
DA:73,2
DA:75,1
DA:76,2
DA:78,2
DA:79,3
DA:80,3
DA:81,2
DA:84,1
DA:87,1
DA:88,1
DA:91,1
DA:93,2
DA:95,3
DA:96,3
DA:97,1
DA:100,1
DA:101,2
DA:103,2
DA:104,3
DA:105,3
DA:109,3
DA:110,1
DA:113,1
DA:114,3
DA:117,2
DA:118,0
DA:121,1
DA:124,1
DA:125,2
DA:127,1
DA:128,3
DA:129,3
DA:132,3
DA:133,1
DA:136,1
DA:137,4
DA:140,1
DA:141,2
DA:142,6
DA:145,1
DA:146,4
DA:149,1
DA:150,3
DA:153,3
DA:155,0
DA:156,0
DA:157,0
DA:158,0
DA:159,0
DA:163,1
DA:164,1
DA:165,1
DA:168,1
DA:170,4
DA:173,3
DA:174,0
DA:178,4
DA:180,3
DA:182,3
DA:186,2
DA:188,1
DA:189,0
DA:191,0
DA:194,1
DA:197,1
DA:198,1
DA:199,4
DA:200,3
DA:204,1
DA:205,3
DA:208,1
DA:209,1
DA:210,2
LF:97
LH:87
end_of_record
SF:lib/data/services/game_engine.dart
DA:6,8
DA:8,2
DA:9,2
DA:11,6
DA:12,2
DA:13,6
DA:14,2
DA:15,2
DA:16,2
DA:18,2
DA:19,2
DA:23,4
DA:28,2
DA:31,2
DA:32,2
DA:33,2
DA:38,2
DA:40,2
DA:41,2
DA:45,2
DA:46,2
DA:52,2
DA:53,12
DA:57,2
DA:58,2
DA:61,2
DA:62,4
DA:65,2
DA:66,4
DA:68,1
DA:70,2
DA:71,3
DA:72,1
DA:77,2
DA:78,3
DA:79,1
DA:87,2
DA:88,2
DA:89,2
DA:90,2
DA:91,6
DA:92,8
DA:98,2
DA:110,0
DA:112,0
LF:45
LH:43
end_of_record
SF:lib/data/services/grid_generator.dart
DA:7,4
DA:11,2
DA:16,2
DA:18,4
DA:19,2
DA:20,4
DA:21,2
DA:22,6
DA:24,2
DA:25,2
DA:26,2
DA:28,2
DA:31,2
DA:38,1
DA:43,1
DA:45,2
DA:46,1
DA:47,2
DA:54,1
DA:58,1
DA:60,3
DA:62,2
DA:63,1
DA:66,2
DA:67,4
DA:73,1
DA:75,6
DA:76,6
DA:78,1
DA:79,1
DA:80,1
DA:81,1
DA:82,1
DA:85,1
DA:86,1
DA:87,1
DA:88,1
DA:89,1
DA:92,1
DA:93,1
DA:94,1
DA:95,1
DA:96,1
DA:97,1
DA:98,1
DA:101,1
DA:102,1
DA:103,1
DA:104,1
DA:105,1
DA:106,1
DA:107,1
DA:110,1
DA:111,1
DA:112,1
DA:113,1
DA:114,1
DA:115,1
DA:118,1
DA:119,1
DA:120,1
DA:121,1
DA:122,1
DA:123,1
DA:126,1
DA:127,1
DA:128,1
DA:129,1
DA:132,1
DA:133,1
DA:134,1
DA:135,1
DA:136,1
DA:140,3
DA:141,1
DA:143,2
DA:145,2
DA:146,1
DA:147,1
DA:148,2
DA:149,2
DA:152,1
DA:153,2
DA:160,1
DA:161,2
DA:162,3
DA:163,3
DA:164,1
DA:166,1
DA:167,3
DA:168,2
DA:175,1
DA:176,1
DA:177,1
DA:179,3
DA:181,1
DA:185,1
LF:97
LH:97
end_of_record
SF:lib/data/models/game_state.dart
DA:14,1
DA:27,1
DA:32,1
DA:33,1
DA:41,1
DA:47,1
DA:48,1
DA:49,1
DA:50,1
DA:51,1
DA:56,3
DA:59,3
DA:62,0
DA:65,0
DA:68,3
DA:71,3
DA:74,3
DA:77,3
DA:79,0
DA:80,0
DA:82,0
DA:83,0
LF:22
LH:16
end_of_record
SF:lib/data/models/position.dart
DA:5,6
DA:14,0
DA:18,0
DA:19,0
DA:20,0
DA:25,5
DA:26,5
DA:27,25
DA:28,20
DA:29,25
DA:30,20
DA:31,20
DA:32,25
DA:33,20
DA:34,25
DA:38,6
DA:39,18
DA:41,2
DA:42,6
LF:19
LH:15
end_of_record
SF:lib/data/models/cell.dart
DA:9,5
DA:18,5
DA:19,5
DA:23,5
DA:24,5
DA:28,15
DA:31,15
DA:34,3
DA:38,3
DA:39,3
DA:40,0
DA:45,3
DA:46,3
DA:47,3
DA:51,2
DA:52,6
DA:54,1
DA:55,3
LF:18
LH:17
end_of_record
SF:lib/data/models/game_grid.dart
DA:7,4
DA:18,4
DA:22,4
DA:24,8
DA:25,4
DA:26,8
DA:27,4
DA:28,8
DA:30,4
DA:33,4
DA:41,4
DA:42,4
DA:43,20
DA:47,4
DA:48,4
DA:52,4
DA:53,4
DA:54,16
DA:56,16
DA:58,4
DA:59,4
DA:60,4
DA:66,2
DA:67,2
DA:70,4
DA:74,4
DA:75,8
DA:76,12
DA:77,8
DA:78,12
DA:82,4
DA:83,4
DA:84,12
DA:85,12
DA:86,12
DA:87,4
DA:88,4
DA:96,1
DA:97,1
DA:98,3
DA:99,3
DA:100,3
DA:101,1
DA:102,1
DA:110,4
DA:113,8
DA:114,4
DA:115,4
DA:116,3
DA:124,1
DA:125,1
DA:127,2
DA:128,1
DA:129,1
DA:130,1
DA:138,12
DA:141,16
DA:144,3
DA:151,5
DA:152,4
DA:156,4
DA:157,2
DA:161,6
DA:162,3
DA:163,3
DA:166,9
DA:167,3
DA:176,1
DA:177,1
DA:178,1
DA:179,4
DA:182,1
DA:183,1
DA:184,1
DA:189,1
DA:190,4
DA:192,1
DA:193,4
LF:78
LH:78
end_of_record
